[2023-02-14 09:34:17] production.ERROR: Undefined index: name {"exception":"[object] (ErrorException(code: 0): Undefined index: name at /Users/taraqr9/Desktop/Github/Laravel/php-laravel-docker/vendor/laravel/framework/src/Illuminate/Foundation/PackageManifest.php:122)
[stacktrace]
#0 /Users/taraqr9/Desktop/Github/Laravel/php-laravel-docker/vendor/laravel/framework/src/Illuminate/Foundation/PackageManifest.php(122): Illuminate\\Foundation\\Bootstrap\\HandleExceptions->handleError(8, 'Undefined index...', '/Users/taraqr9/...', 122, Array)
#1 /Users/taraqr9/Desktop/Github/Laravel/php-laravel-docker/vendor/laravel/framework/src/Illuminate/Support/Collection.php(1197): Illuminate\\Foundation\\PackageManifest->Illuminate\\Foundation\\{closure}(Array, 'packages')
#2 /Users/taraqr9/Desktop/Github/Laravel/php-laravel-docker/vendor/laravel/framework/src/Illuminate/Foundation/PackageManifest.php(123): Illuminate\\Support\\Collection->mapWithKeys(Object(Closure))
#3 /Users/taraqr9/Desktop/Github/Laravel/php-laravel-docker/vendor/laravel/framework/src/Illuminate/Foundation/PackageManifest.php(97): Illuminate\\Foundation\\PackageManifest->build()
#4 /Users/taraqr9/Desktop/Github/Laravel/php-laravel-docker/vendor/laravel/framework/src/Illuminate/Foundation/PackageManifest.php(80): Illuminate\\Foundation\\PackageManifest->getManifest()
#5 /Users/taraqr9/Desktop/Github/Laravel/php-laravel-docker/vendor/laravel/framework/src/Illuminate/Foundation/Bootstrap/RegisterFacades.php(26): Illuminate\\Foundation\\PackageManifest->aliases()
#6 /Users/taraqr9/Desktop/Github/Laravel/php-laravel-docker/vendor/laravel/framework/src/Illuminate/Foundation/Application.php(210): Illuminate\\Foundation\\Bootstrap\\RegisterFacades->bootstrap(Object(Illuminate\\Foundation\\Application))
#7 /Users/taraqr9/Desktop/Github/Laravel/php-laravel-docker/vendor/laravel/framework/src/Illuminate/Foundation/Console/Kernel.php(322): Illuminate\\Foundation\\Application->bootstrapWith(Array)
#8 /Users/taraqr9/Desktop/Github/Laravel/php-laravel-docker/vendor/laravel/framework/src/Illuminate/Foundation/Console/Kernel.php(131): Illuminate\\Foundation\\Console\\Kernel->bootstrap()
#9 /Users/taraqr9/Desktop/Github/Laravel/php-laravel-docker/artisan(37): Illuminate\\Foundation\\Console\\Kernel->handle(Object(Symfony\\Component\\Console\\Input\\ArgvInput), Object(Symfony\\Component\\Console\\Output\\ConsoleOutput))
#10 {main}
"} 
[2023-02-14 09:34:40] production.ERROR: Undefined index: name {"exception":"[object] (ErrorException(code: 0): Undefined index: name at /Users/taraqr9/Desktop/Github/Laravel/php-laravel-docker/vendor/laravel/framework/src/Illuminate/Foundation/PackageManifest.php:122)
[stacktrace]
#0 /Users/taraqr9/Desktop/Github/Laravel/php-laravel-docker/vendor/laravel/framework/src/Illuminate/Foundation/PackageManifest.php(122): Illuminate\\Foundation\\Bootstrap\\HandleExceptions->handleError(8, 'Undefined index...', '/Users/taraqr9/...', 122, Array)
#1 /Users/taraqr9/Desktop/Github/Laravel/php-laravel-docker/vendor/laravel/framework/src/Illuminate/Support/Collection.php(1197): Illuminate\\Foundation\\PackageManifest->Illuminate\\Foundation\\{closure}(Array, 'packages')
#2 /Users/taraqr9/Desktop/Github/Laravel/php-laravel-docker/vendor/laravel/framework/src/Illuminate/Foundation/PackageManifest.php(123): Illuminate\\Support\\Collection->mapWithKeys(Object(Closure))
#3 /Users/taraqr9/Desktop/Github/Laravel/php-laravel-docker/vendor/laravel/framework/src/Illuminate/Foundation/PackageManifest.php(97): Illuminate\\Foundation\\PackageManifest->build()
#4 /Users/taraqr9/Desktop/Github/Laravel/php-laravel-docker/vendor/laravel/framework/src/Illuminate/Foundation/PackageManifest.php(80): Illuminate\\Foundation\\PackageManifest->getManifest()
#5 /Users/taraqr9/Desktop/Github/Laravel/php-laravel-docker/vendor/laravel/framework/src/Illuminate/Foundation/Bootstrap/RegisterFacades.php(26): Illuminate\\Foundation\\PackageManifest->aliases()
#6 /Users/taraqr9/Desktop/Github/Laravel/php-laravel-docker/vendor/laravel/framework/src/Illuminate/Foundation/Application.php(210): Illuminate\\Foundation\\Bootstrap\\RegisterFacades->bootstrap(Object(Illuminate\\Foundation\\Application))
#7 /Users/taraqr9/Desktop/Github/Laravel/php-laravel-docker/vendor/laravel/framework/src/Illuminate/Foundation/Console/Kernel.php(322): Illuminate\\Foundation\\Application->bootstrapWith(Array)
#8 /Users/taraqr9/Desktop/Github/Laravel/php-laravel-docker/vendor/laravel/framework/src/Illuminate/Foundation/Console/Kernel.php(131): Illuminate\\Foundation\\Console\\Kernel->bootstrap()
#9 /Users/taraqr9/Desktop/Github/Laravel/php-laravel-docker/artisan(37): Illuminate\\Foundation\\Console\\Kernel->handle(Object(Symfony\\Component\\Console\\Input\\ArgvInput), Object(Symfony\\Component\\Console\\Output\\ConsoleOutput))
#10 {main}
"} 
[2023-02-14 09:34:47] production.ERROR: Undefined index: name {"exception":"[object] (ErrorException(code: 0): Undefined index: name at /Users/taraqr9/Desktop/Github/Laravel/php-laravel-docker/vendor/laravel/framework/src/Illuminate/Foundation/PackageManifest.php:122)
[stacktrace]
#0 /Users/taraqr9/Desktop/Github/Laravel/php-laravel-docker/vendor/laravel/framework/src/Illuminate/Foundation/PackageManifest.php(122): Illuminate\\Foundation\\Bootstrap\\HandleExceptions->handleError(8, 'Undefined index...', '/Users/taraqr9/...', 122, Array)
#1 /Users/taraqr9/Desktop/Github/Laravel/php-laravel-docker/vendor/laravel/framework/src/Illuminate/Support/Collection.php(1197): Illuminate\\Foundation\\PackageManifest->Illuminate\\Foundation\\{closure}(Array, 'packages')
#2 /Users/taraqr9/Desktop/Github/Laravel/php-laravel-docker/vendor/laravel/framework/src/Illuminate/Foundation/PackageManifest.php(123): Illuminate\\Support\\Collection->mapWithKeys(Object(Closure))
#3 /Users/taraqr9/Desktop/Github/Laravel/php-laravel-docker/vendor/laravel/framework/src/Illuminate/Foundation/PackageManifest.php(97): Illuminate\\Foundation\\PackageManifest->build()
#4 /Users/taraqr9/Desktop/Github/Laravel/php-laravel-docker/vendor/laravel/framework/src/Illuminate/Foundation/PackageManifest.php(80): Illuminate\\Foundation\\PackageManifest->getManifest()
#5 /Users/taraqr9/Desktop/Github/Laravel/php-laravel-docker/vendor/laravel/framework/src/Illuminate/Foundation/Bootstrap/RegisterFacades.php(26): Illuminate\\Foundation\\PackageManifest->aliases()
#6 /Users/taraqr9/Desktop/Github/Laravel/php-laravel-docker/vendor/laravel/framework/src/Illuminate/Foundation/Application.php(210): Illuminate\\Foundation\\Bootstrap\\RegisterFacades->bootstrap(Object(Illuminate\\Foundation\\Application))
#7 /Users/taraqr9/Desktop/Github/Laravel/php-laravel-docker/vendor/laravel/framework/src/Illuminate/Foundation/Console/Kernel.php(322): Illuminate\\Foundation\\Application->bootstrapWith(Array)
#8 /Users/taraqr9/Desktop/Github/Laravel/php-laravel-docker/vendor/laravel/framework/src/Illuminate/Foundation/Console/Kernel.php(131): Illuminate\\Foundation\\Console\\Kernel->bootstrap()
#9 /Users/taraqr9/Desktop/Github/Laravel/php-laravel-docker/artisan(37): Illuminate\\Foundation\\Console\\Kernel->handle(Object(Symfony\\Component\\Console\\Input\\ArgvInput), Object(Symfony\\Component\\Console\\Output\\ConsoleOutput))
#10 {main}
"} 
[2023-02-14 09:39:38] production.ERROR: Undefined index: name {"exception":"[object] (ErrorException(code: 0): Undefined index: name at /Users/taraqr9/Desktop/Github/Laravel/php-laravel-docker/vendor/laravel/framework/src/Illuminate/Foundation/PackageManifest.php:122)
[stacktrace]
#0 /Users/taraqr9/Desktop/Github/Laravel/php-laravel-docker/vendor/laravel/framework/src/Illuminate/Foundation/PackageManifest.php(122): Illuminate\\Foundation\\Bootstrap\\HandleExceptions->handleError(8, 'Undefined index...', '/Users/taraqr9/...', 122, Array)
#1 /Users/taraqr9/Desktop/Github/Laravel/php-laravel-docker/vendor/laravel/framework/src/Illuminate/Support/Collection.php(1197): Illuminate\\Foundation\\PackageManifest->Illuminate\\Foundation\\{closure}(Array, 'packages')
#2 /Users/taraqr9/Desktop/Github/Laravel/php-laravel-docker/vendor/laravel/framework/src/Illuminate/Foundation/PackageManifest.php(123): Illuminate\\Support\\Collection->mapWithKeys(Object(Closure))
#3 /Users/taraqr9/Desktop/Github/Laravel/php-laravel-docker/vendor/laravel/framework/src/Illuminate/Foundation/PackageManifest.php(97): Illuminate\\Foundation\\PackageManifest->build()
#4 /Users/taraqr9/Desktop/Github/Laravel/php-laravel-docker/vendor/laravel/framework/src/Illuminate/Foundation/PackageManifest.php(80): Illuminate\\Foundation\\PackageManifest->getManifest()
#5 /Users/taraqr9/Desktop/Github/Laravel/php-laravel-docker/vendor/laravel/framework/src/Illuminate/Foundation/Bootstrap/RegisterFacades.php(26): Illuminate\\Foundation\\PackageManifest->aliases()
#6 /Users/taraqr9/Desktop/Github/Laravel/php-laravel-docker/vendor/laravel/framework/src/Illuminate/Foundation/Application.php(210): Illuminate\\Foundation\\Bootstrap\\RegisterFacades->bootstrap(Object(Illuminate\\Foundation\\Application))
#7 /Users/taraqr9/Desktop/Github/Laravel/php-laravel-docker/vendor/laravel/framework/src/Illuminate/Foundation/Console/Kernel.php(322): Illuminate\\Foundation\\Application->bootstrapWith(Array)
#8 /Users/taraqr9/Desktop/Github/Laravel/php-laravel-docker/vendor/laravel/framework/src/Illuminate/Foundation/Console/Kernel.php(131): Illuminate\\Foundation\\Console\\Kernel->bootstrap()
#9 /Users/taraqr9/Desktop/Github/Laravel/php-laravel-docker/artisan(37): Illuminate\\Foundation\\Console\\Kernel->handle(Object(Symfony\\Component\\Console\\Input\\ArgvInput), Object(Symfony\\Component\\Console\\Output\\ConsoleOutput))
#10 {main}
"} 
[2023-02-14 09:41:03] production.ERROR: file_get_contents(/Users/taraqr9/Desktop/Github/Laravel/php-laravel-docker/.env): failed to open stream: No such file or directory {"exception":"[object] (ErrorException(code: 0): file_get_contents(/Users/taraqr9/Desktop/Github/Laravel/php-laravel-docker/.env): failed to open stream: No such file or directory at /Users/taraqr9/Desktop/Github/Laravel/php-laravel-docker/vendor/laravel/framework/src/Illuminate/Foundation/Console/KeyGenerateCommand.php:96)
[stacktrace]
#0 [internal function]: Illuminate\\Foundation\\Bootstrap\\HandleExceptions->handleError(2, 'file_get_conten...', '/Users/taraqr9/...', 96, Array)
#1 /Users/taraqr9/Desktop/Github/Laravel/php-laravel-docker/vendor/laravel/framework/src/Illuminate/Foundation/Console/KeyGenerateCommand.php(96): file_get_contents('/Users/taraqr9/...')
#2 /Users/taraqr9/Desktop/Github/Laravel/php-laravel-docker/vendor/laravel/framework/src/Illuminate/Foundation/Console/KeyGenerateCommand.php(80): Illuminate\\Foundation\\Console\\KeyGenerateCommand->writeNewEnvironmentFileWith('base64:R6PlyXDc...')
#3 /Users/taraqr9/Desktop/Github/Laravel/php-laravel-docker/vendor/laravel/framework/src/Illuminate/Foundation/Console/KeyGenerateCommand.php(45): Illuminate\\Foundation\\Console\\KeyGenerateCommand->setKeyInEnvironmentFile('base64:R6PlyXDc...')
#4 [internal function]: Illuminate\\Foundation\\Console\\KeyGenerateCommand->handle()
#5 /Users/taraqr9/Desktop/Github/Laravel/php-laravel-docker/vendor/laravel/framework/src/Illuminate/Container/BoundMethod.php(32): call_user_func_array(Array, Array)
#6 /Users/taraqr9/Desktop/Github/Laravel/php-laravel-docker/vendor/laravel/framework/src/Illuminate/Container/BoundMethod.php(90): Illuminate\\Container\\BoundMethod::Illuminate\\Container\\{closure}()
#7 /Users/taraqr9/Desktop/Github/Laravel/php-laravel-docker/vendor/laravel/framework/src/Illuminate/Container/BoundMethod.php(34): Illuminate\\Container\\BoundMethod::callBoundMethod(Object(Illuminate\\Foundation\\Application), Array, Object(Closure))
#8 /Users/taraqr9/Desktop/Github/Laravel/php-laravel-docker/vendor/laravel/framework/src/Illuminate/Container/Container.php(576): Illuminate\\Container\\BoundMethod::call(Object(Illuminate\\Foundation\\Application), Array, Array, NULL)
#9 /Users/taraqr9/Desktop/Github/Laravel/php-laravel-docker/vendor/laravel/framework/src/Illuminate/Console/Command.php(183): Illuminate\\Container\\Container->call(Array)
#10 /Users/taraqr9/Desktop/Github/Laravel/php-laravel-docker/vendor/symfony/console/Command/Command.php(255): Illuminate\\Console\\Command->execute(Object(Symfony\\Component\\Console\\Input\\ArgvInput), Object(Illuminate\\Console\\OutputStyle))
#11 /Users/taraqr9/Desktop/Github/Laravel/php-laravel-docker/vendor/laravel/framework/src/Illuminate/Console/Command.php(170): Symfony\\Component\\Console\\Command\\Command->run(Object(Symfony\\Component\\Console\\Input\\ArgvInput), Object(Illuminate\\Console\\OutputStyle))
#12 /Users/taraqr9/Desktop/Github/Laravel/php-laravel-docker/vendor/symfony/console/Application.php(1021): Illuminate\\Console\\Command->run(Object(Symfony\\Component\\Console\\Input\\ArgvInput), Object(Symfony\\Component\\Console\\Output\\ConsoleOutput))
#13 /Users/taraqr9/Desktop/Github/Laravel/php-laravel-docker/vendor/symfony/console/Application.php(275): Symfony\\Component\\Console\\Application->doRunCommand(Object(Illuminate\\Foundation\\Console\\KeyGenerateCommand), Object(Symfony\\Component\\Console\\Input\\ArgvInput), Object(Symfony\\Component\\Console\\Output\\ConsoleOutput))
#14 /Users/taraqr9/Desktop/Github/Laravel/php-laravel-docker/vendor/symfony/console/Application.php(149): Symfony\\Component\\Console\\Application->doRun(Object(Symfony\\Component\\Console\\Input\\ArgvInput), Object(Symfony\\Component\\Console\\Output\\ConsoleOutput))
#15 /Users/taraqr9/Desktop/Github/Laravel/php-laravel-docker/vendor/laravel/framework/src/Illuminate/Console/Application.php(90): Symfony\\Component\\Console\\Application->run(Object(Symfony\\Component\\Console\\Input\\ArgvInput), Object(Symfony\\Component\\Console\\Output\\ConsoleOutput))
#16 /Users/taraqr9/Desktop/Github/Laravel/php-laravel-docker/vendor/laravel/framework/src/Illuminate/Foundation/Console/Kernel.php(133): Illuminate\\Console\\Application->run(Object(Symfony\\Component\\Console\\Input\\ArgvInput), Object(Symfony\\Component\\Console\\Output\\ConsoleOutput))
#17 /Users/taraqr9/Desktop/Github/Laravel/php-laravel-docker/artisan(37): Illuminate\\Foundation\\Console\\Kernel->handle(Object(Symfony\\Component\\Console\\Input\\ArgvInput), Object(Symfony\\Component\\Console\\Output\\ConsoleOutput))
#18 {main}
"} 
